<?xml version="1.0" encoding="UTF-8"?>
<testsuite name="| Electronics | DSLR | 0 | 1 |" tests="7" skipped="0" failures="0" errors="0" timestamp="2017-09-26T10:22:22" hostname="Monils-MacBook-Pro.local" time="3.958">
  <properties/>
  <testcase name="Given User opens flipkart in firefox" classname="| Electronics | DSLR | 0 | 1 |" time="0.001"/>
  <testcase name="When User mouse hover on &quot;Electronics&quot;" classname="| Electronics | DSLR | 0 | 1 |" time="0.0"/>
  <testcase name="And Click on &quot;DSLR&quot;" classname="| Electronics | DSLR | 0 | 1 |" time="0.0"/>
  <testcase name="And Checked checkbox Add to Compare for 0 and 1" classname="| Electronics | DSLR | 0 | 1 |" time="0.0"/>
  <testcase name="And Click on COMPARE" classname="| Electronics | DSLR | 0 | 1 |" time="0.0"/>
  <testcase name="Then User should redirect to Compare page" classname="| Electronics | DSLR | 0 | 1 |" time="0.0"/>
  <testcase name="classMethod" classname="| Electronics | DSLR | 0 | 1 |" time="10.685"/>
  <system-out><![CDATA[Given   .......
]]></system-out>
  <system-err><![CDATA[1506421335626	geckodriver	INFO	geckodriver 0.18.0
1506421335632	geckodriver	INFO	Listening on 127.0.0.1:7595
1506421335833	geckodriver::marionette	INFO	Starting browser /Applications/Firefox.app/Contents/MacOS/firefox-bin with args ["-marionette"]
1506421336152	addons.xpi	WARN	Error parsing extensions state: [Exception... "Component returned failure code: 0x80520012 (NS_ERROR_FILE_NOT_FOUND) [amIAddonManagerStartup.readStartupData]"  nsresult: "0x80520012 (NS_ERROR_FILE_NOT_FOUND)"  location: "JS frame :: resource://gre/modules/addons/XPIProvider.jsm :: loadExtensionState :: line 1596"  data: no] Stack trace: loadExtensionState()@resource://gre/modules/addons/XPIProvider.jsm:1596 < getInstallState()@resource://gre/modules/addons/XPIProvider.jsm:1631 < checkForChanges()@resource://gre/modules/addons/XPIProvider.jsm:3152 < startup()@resource://gre/modules/addons/XPIProvider.jsm:2246 < callProvider()@resource://gre/modules/AddonManager.jsm:271 < _startProvider()@resource://gre/modules/AddonManager.jsm:741 < startup()@resource://gre/modules/AddonManager.jsm:908 < startup()@resource://gre/modules/AddonManager.jsm:3122 < observe()@jar:file:///Applications/Firefox.app/Contents/Resources/omni.ja!/components/addonManager.js:65
1506421336454	Marionette	INFO	Enabled via --marionette
2017-09-26 15:52:17.421 plugin-container[3557:151678] *** CFMessagePort: bootstrap_register(): failed 1100 (0x44c) 'Permission denied', port = 0x9e3b, name = 'com.apple.tsm.portname'
See /usr/include/servers/bootstrap_defs.h for the error codes.
2017-09-26 15:52:17.422 plugin-container[3557:151678] *** CFMessagePort: bootstrap_register(): failed 1100 (0x44c) 'Permission denied', port = 0xa203, name = 'com.apple.CFPasteboardClient'
See /usr/include/servers/bootstrap_defs.h for the error codes.
1506421337795	Marionette	INFO	Listening on port 56414
JavaScript error: chrome://marionette/content/server.js, line 337: NS_ERROR_SOCKET_ADDRESS_IN_USE: Component returned failure code: 0x804b0036 (NS_ERROR_SOCKET_ADDRESS_IN_USE) [nsIServerSocket.initSpecialConnection]
1506421337842	Marionette	DEBUG	loaded listener.js
Sep 26, 2017 3:52:17 PM org.openqa.selenium.remote.ProtocolHandshake createSession
INFO: Detected dialect: W3C
1506421338012	Marionette	DEBUG	Received DOM event "beforeunload" for "about:blank"
1506421338590	Marionette	DEBUG	Received DOM event "pagehide" for "about:blank"
1506421338590	Marionette	DEBUG	Received DOM event "unload" for "about:blank"
1506421339920	Marionette	DEBUG	Received DOM event "DOMContentLoaded" for "https://www.flipkart.com/"
1506421341929	Marionette	DEBUG	Received DOM event "pageshow" for "https://www.flipkart.com/"
]]></system-err>
</testsuite>
